Using pre-set license
Built from '2020.2/staging' branch; Version is '2020.2.7f1 (c53830e277f1) revision 12924976'; Using compiler version '192528614'; Build Type 'Release'
OS: 'Windows 10 Pro; OS build 19042.1415; Version 2009; 64bit' Language: 'ru' Physical Memory: 16322 MB
BatchMode: 1, IsHumanControllingUs: 0, StartBugReporterOnCrash: 0, Is64bit: 1, IsPro: 0

 COMMAND LINE ARGUMENTS:
C:\Program Files (x86)\Unity\2020.2.7f1\Editor\Unity.exe
-adb2
-batchMode
-noUpm
-name
AssetImportWorker0
-projectPath
D:/Users/GLEB/Desktop/Onix Games/1. IMI/Unity/IMI
-logFile
Logs/AssetImportWorker0.log
-srvPort
51613
Successfully changed project path to: D:/Users/GLEB/Desktop/Onix Games/1. IMI/Unity/IMI
D:/Users/GLEB/Desktop/Onix Games/1. IMI/Unity/IMI
Using Asset Import Pipeline V2.
Refreshing native plugins compatible for Editor in 71.89 ms, found 1 plugins.
Preloading 0 native plugins for Editor in 0.00 ms.
Initialize engine version: 2020.2.7f1 (c53830e277f1)
[Subsystems] Discovering subsystems at path C:/Program Files (x86)/Unity/2020.2.7f1/Editor/Data/Resources/UnitySubsystems
[Subsystems] Discovering subsystems at path D:/Users/GLEB/Desktop/Onix Games/1. IMI/Unity/IMI/Assets
GfxDevice: creating device client; threaded=0
Direct3D:
    Version:  Direct3D 11.0 [level 11.1]
    Renderer: NVIDIA GeForce GTX 1050 Ti (ID=0x1c82)
    Vendor:   
    VRAM:     4019 MB
    Driver:   30.0.14.9649
Initialize mono
Mono path[0] = 'C:/Program Files (x86)/Unity/2020.2.7f1/Editor/Data/Managed'
Mono path[1] = 'C:/Program Files (x86)/Unity/2020.2.7f1/Editor/Data/MonoBleedingEdge/lib/mono/unityjit'
Mono config path = 'C:/Program Files (x86)/Unity/2020.2.7f1/Editor/Data/MonoBleedingEdge/etc'
Using monoOptions --debugger-agent=transport=dt_socket,embedding=1,server=y,suspend=n,address=127.0.0.1:56452
Begin MonoManager ReloadAssembly
Registering precompiled unity dll's ...
Register platform support module: C:/Program Files (x86)/Unity/2020.2.7f1/Editor/Data/PlaybackEngines/WindowsStandaloneSupport/UnityEditor.WindowsStandalone.Extensions.dll
Registered in 0.004311 seconds.
Native extension for WindowsStandalone target not found
Refreshing native plugins compatible for Editor in 90.37 ms, found 1 plugins.
Preloading 0 native plugins for Editor in 0.00 ms.
Unable to find bridge dll on disk for Microsoft Visual Studio Tools for Unity for C:\Program Files (x86)\Microsoft Visual Studio Tools for Unity\16.0\Editor\SyntaxTree.VisualStudio.Unity.Bridge.dll
Invoked RoslynAnalysisRunner static constructor.
RoslynAnalysisRunner will not be running.
RoslynAnalysisRunner has terminated.
Mono: successfully reloaded assembly
- Completed reload, in  4.311 seconds
Platform modules already initialized, skipping
Registering precompiled user dll's ...
Registered in 0.001787 seconds.
Begin MonoManager ReloadAssembly
Native extension for WindowsStandalone target not found
Refreshing native plugins compatible for Editor in 84.04 ms, found 1 plugins.
Preloading 0 native plugins for Editor in 0.00 ms.
Invoked RoslynAnalysisRunner static constructor.
RoslynAnalysisRunner will not be running.
RoslynAnalysisRunner has terminated.
Mono: successfully reloaded assembly
- Completed reload, in  2.090 seconds
Platform modules already initialized, skipping
========================================================================
Worker process is ready to serve import requests
Launched and connected shader compiler UnityShaderCompiler.exe after 0.08 seconds
Refreshing native plugins compatible for Editor in 1.53 ms, found 1 plugins.
Preloading 0 native plugins for Editor in 0.00 ms.
Unloading 2181 Unused Serialized files (Serialized files now loaded: 0)
System memory in use before: 99.5 MB.
System memory in use after: 99.5 MB.

Unloading 26 unused Assets to reduce memory usage. Loaded Objects now: 2628.
Total: 5.939100 ms (FindLiveObjects: 0.240700 ms CreateObjectMapping: 0.099000 ms MarkObjects: 5.363600 ms  DeleteObjects: 0.233600 ms)

========================================================================
Received Import Request.
  path: Assets/Tiles/Images
  artifactKey: Guid(d02d85e6663b8f549b928d7689d808c4) Importer(815301076,1909f56bfc062723c751e8b465ee728b)
Start importing Assets/Tiles/Images using Guid(d02d85e6663b8f549b928d7689d808c4) Importer(815301076,1909f56bfc062723c751e8b465ee728b)  -> (artifact id: '4256e32a19c033fca5b3b2ed10b12f36') in 0.025226 seconds
  Import took 0.035875 seconds .

========================================================================
Received Import Request.
  Time since last request: 0.000345 seconds.
  path: Assets/Tiles/Ground
  artifactKey: Guid(141a79d8190d0af4ea75492e6e411648) Importer(815301076,1909f56bfc062723c751e8b465ee728b)
Start importing Assets/Tiles/Ground using Guid(141a79d8190d0af4ea75492e6e411648) Importer(815301076,1909f56bfc062723c751e8b465ee728b)  -> (artifact id: 'a2b8723a08484832c0527ddf640c67e5') in 0.016986 seconds
  Import took 0.033628 seconds .

========================================================================
Received Import Request.
  Time since last request: 0.000240 seconds.
  path: Assets/Tiles
  artifactKey: Guid(c518fe17b63a2a84bac75c08ecc7ab36) Importer(815301076,1909f56bfc062723c751e8b465ee728b)
Start importing Assets/Tiles using Guid(c518fe17b63a2a84bac75c08ecc7ab36) Importer(815301076,1909f56bfc062723c751e8b465ee728b)  -> (artifact id: '4cabc63718505c5625451e462109b1c4') in 0.012978 seconds
  Import took 0.020301 seconds .

========================================================================
Received Import Request.
  Time since last request: 0.000276 seconds.
  path: Assets/Tiles/Ground/Square.asset
  artifactKey: Guid(bc24642fdebb65f41a1e591fbd18c0f2) Importer(815301076,1909f56bfc062723c751e8b465ee728b)
Start importing Assets/Tiles/Ground/Square.asset using Guid(bc24642fdebb65f41a1e591fbd18c0f2) Importer(815301076,1909f56bfc062723c751e8b465ee728b)  -> (artifact id: '4d3899df5682f1615b0babf1c4f71c19') in 0.338694 seconds
  Import took 0.352467 seconds .

========================================================================
Received Import Request.
  Time since last request: 0.000559 seconds.
  path: Assets/Tiles/Ground/Ground.prefab
  artifactKey: Guid(439c4ff311fb66d499cd81dec9e79483) Importer(815301076,1909f56bfc062723c751e8b465ee728b)
Start importing Assets/Tiles/Ground/Ground.prefab using Guid(439c4ff311fb66d499cd81dec9e79483) Importer(815301076,1909f56bfc062723c751e8b465ee728b)  -> (artifact id: '60b4eda8c2e52895075e9e272352312d') in 0.024025 seconds
  Import took 0.030070 seconds .

========================================================================
Received Import Request.
  Time since last request: 0.000384 seconds.
  path: Assets/Tiles/Images/Box.png
  artifactKey: Guid(8f6db989211734a46aa63063a850d1a5) Importer(815301076,1909f56bfc062723c751e8b465ee728b)
Start importing Assets/Tiles/Images/Box.png using Guid(8f6db989211734a46aa63063a850d1a5) Importer(815301076,1909f56bfc062723c751e8b465ee728b)  -> (artifact id: '0b6e1d0ce314176be543c6951ec6cd90') in 0.207300 seconds
  Import took 0.225293 seconds .

========================================================================
Received Prepare
Registering precompiled user dll's ...
Registered in 0.001640 seconds.
Begin MonoManager ReloadAssembly
Native extension for WindowsStandalone target not found
Refreshing native plugins compatible for Editor in 0.54 ms, found 1 plugins.
Preloading 0 native plugins for Editor in 0.00 ms.
Invoked RoslynAnalysisRunner static constructor.
RoslynAnalysisRunner will not be running.
RoslynAnalysisRunner has terminated.
Mono: successfully reloaded assembly
- Completed reload, in  2.412 seconds
Platform modules already initialized, skipping
Refreshing native plugins compatible for Editor in 0.74 ms, found 1 plugins.
Preloading 0 native plugins for Editor in 0.00 ms.
Unloading 2162 Unused Serialized files (Serialized files now loaded: 0)
System memory in use before: 101.5 MB.
System memory in use after: 101.5 MB.

Unloading 12 unused Assets to reduce memory usage. Loaded Objects now: 2640.
Total: 5.619800 ms (FindLiveObjects: 2.331200 ms CreateObjectMapping: 0.262500 ms MarkObjects: 2.884000 ms  DeleteObjects: 0.139100 ms)

========================================================================
Received Prepare
Registering precompiled user dll's ...
Registered in 0.002974 seconds.
Begin MonoManager ReloadAssembly
Native extension for WindowsStandalone target not found
Refreshing native plugins compatible for Editor in 0.55 ms, found 1 plugins.
Preloading 0 native plugins for Editor in 0.00 ms.
Invoked RoslynAnalysisRunner static constructor.
RoslynAnalysisRunner will not be running.
RoslynAnalysisRunner has terminated.
Mono: successfully reloaded assembly
- Completed reload, in  2.112 seconds
Platform modules already initialized, skipping
Refreshing native plugins compatible for Editor in 0.55 ms, found 1 plugins.
Preloading 0 native plugins for Editor in 0.00 ms.
Unloading 2162 Unused Serialized files (Serialized files now loaded: 0)
System memory in use before: 101.5 MB.
System memory in use after: 101.5 MB.

Unloading 12 unused Assets to reduce memory usage. Loaded Objects now: 2644.
Total: 4.399300 ms (FindLiveObjects: 0.363200 ms CreateObjectMapping: 0.253800 ms MarkObjects: 3.630700 ms  DeleteObjects: 0.149500 ms)

AssetImportWorkerClient::OnTransportError - code=2 error=End of file
