Using pre-set license
Built from '2020.2/staging' branch; Version is '2020.2.7f1 (c53830e277f1) revision 12924976'; Using compiler version '192528614'; Build Type 'Release'
OS: 'Windows 10 Pro; OS build 19042.1348; Version 2009; 64bit' Language: 'ru' Physical Memory: 16322 MB
BatchMode: 1, IsHumanControllingUs: 0, StartBugReporterOnCrash: 0, Is64bit: 1, IsPro: 0

 COMMAND LINE ARGUMENTS:
C:\Program Files (x86)\Unity\2020.2.7f1\Editor\Unity.exe
-adb2
-batchMode
-noUpm
-name
AssetImportWorker0
-projectPath
D:/Users/GLEB/Desktop/Onix Games/1. IMI/Unity/Project IMI
-logFile
Logs/AssetImportWorker0.log
-srvPort
58906
Successfully changed project path to: D:/Users/GLEB/Desktop/Onix Games/1. IMI/Unity/Project IMI
D:/Users/GLEB/Desktop/Onix Games/1. IMI/Unity/Project IMI
Using Asset Import Pipeline V2.
Refreshing native plugins compatible for Editor in 49.55 ms, found 1 plugins.
Preloading 0 native plugins for Editor in 0.00 ms.
Initialize engine version: 2020.2.7f1 (c53830e277f1)
[Subsystems] Discovering subsystems at path C:/Program Files (x86)/Unity/2020.2.7f1/Editor/Data/Resources/UnitySubsystems
[Subsystems] Discovering subsystems at path D:/Users/GLEB/Desktop/Onix Games/1. IMI/Unity/Project IMI/Assets
GfxDevice: creating device client; threaded=0
Direct3D:
    Version:  Direct3D 11.0 [level 11.1]
    Renderer: NVIDIA GeForce GTX 1050 Ti (ID=0x1c82)
    Vendor:   
    VRAM:     4019 MB
    Driver:   30.0.14.9649
Initialize mono
Mono path[0] = 'C:/Program Files (x86)/Unity/2020.2.7f1/Editor/Data/Managed'
Mono path[1] = 'C:/Program Files (x86)/Unity/2020.2.7f1/Editor/Data/MonoBleedingEdge/lib/mono/unityjit'
Mono config path = 'C:/Program Files (x86)/Unity/2020.2.7f1/Editor/Data/MonoBleedingEdge/etc'
Using monoOptions --debugger-agent=transport=dt_socket,embedding=1,server=y,suspend=n,address=127.0.0.1:56368
Begin MonoManager ReloadAssembly
Registering precompiled unity dll's ...
Register platform support module: C:/Program Files (x86)/Unity/2020.2.7f1/Editor/Data/PlaybackEngines/WindowsStandaloneSupport/UnityEditor.WindowsStandalone.Extensions.dll
Registered in 0.003722 seconds.
Native extension for WindowsStandalone target not found
Refreshing native plugins compatible for Editor in 48.26 ms, found 1 plugins.
Preloading 0 native plugins for Editor in 0.00 ms.
Unable to find bridge dll on disk for Microsoft Visual Studio Tools for Unity for C:\Program Files (x86)\Microsoft Visual Studio Tools for Unity\16.0\Editor\SyntaxTree.VisualStudio.Unity.Bridge.dll
Invoked RoslynAnalysisRunner static constructor.
RoslynAnalysisRunner will not be running.
RoslynAnalysisRunner has terminated.
Mono: successfully reloaded assembly
- Completed reload, in  2.838 seconds
Platform modules already initialized, skipping
Registering precompiled user dll's ...
Registered in 0.001477 seconds.
Begin MonoManager ReloadAssembly
Native extension for WindowsStandalone target not found
Refreshing native plugins compatible for Editor in 50.95 ms, found 1 plugins.
Preloading 0 native plugins for Editor in 0.00 ms.
Invoked RoslynAnalysisRunner static constructor.
RoslynAnalysisRunner will not be running.
RoslynAnalysisRunner has terminated.
Mono: successfully reloaded assembly
- Completed reload, in  1.300 seconds
Platform modules already initialized, skipping
========================================================================
Worker process is ready to serve import requests
Launched and connected shader compiler UnityShaderCompiler.exe after 0.05 seconds
Refreshing native plugins compatible for Editor in 0.51 ms, found 1 plugins.
Preloading 0 native plugins for Editor in 0.00 ms.
Unloading 2129 Unused Serialized files (Serialized files now loaded: 0)
System memory in use before: 95.9 MB.
System memory in use after: 95.9 MB.

Unloading 26 unused Assets to reduce memory usage. Loaded Objects now: 2573.
Total: 4.897500 ms (FindLiveObjects: 0.262800 ms CreateObjectMapping: 0.334000 ms MarkObjects: 4.136500 ms  DeleteObjects: 0.162100 ms)

========================================================================
Received Import Request.
  path: Assets/Scenes/MenuScene.unity
  artifactKey: Guid(ff00181c3eaf85a488a6fa9d4c32df71) Importer(815301076,1909f56bfc062723c751e8b465ee728b)
Start importing Assets/Scenes/MenuScene.unity using Guid(ff00181c3eaf85a488a6fa9d4c32df71) Importer(815301076,1909f56bfc062723c751e8b465ee728b)  -> (artifact id: '7b678633ca7786e71378256f206e02b8') in 0.023402 seconds
  Import took 0.028061 seconds .

========================================================================
Received Import Request.
  Time since last request: 52.708454 seconds.
  path: Assets/InputSystem/PlayerInput.inputactions
  artifactKey: Guid(dd02a325244785a44a5b2f4b85e1e0f0) Importer(815301076,1909f56bfc062723c751e8b465ee728b)
Start importing Assets/InputSystem/PlayerInput.inputactions using Guid(dd02a325244785a44a5b2f4b85e1e0f0) Importer(815301076,1909f56bfc062723c751e8b465ee728b)  -> (artifact id: '512003e80fc4b28f7380e01c523a26c8') in 0.048848 seconds
  Import took 0.054458 seconds .

========================================================================
Received Import Request.
  Time since last request: 16.572085 seconds.
  path: Assets/Scripts/Game Settings
  artifactKey: Guid(346ec215dfd126b4f849fb232d87a8f6) Importer(815301076,1909f56bfc062723c751e8b465ee728b)
Start importing Assets/Scripts/Game Settings using Guid(346ec215dfd126b4f849fb232d87a8f6) Importer(815301076,1909f56bfc062723c751e8b465ee728b)  -> (artifact id: '8886003991c0bc5419dbb4e44c36060c') in 0.013612 seconds
  Import took 0.018665 seconds .

========================================================================
Received Import Request.
  Time since last request: 4.827539 seconds.
  path: Assets/Scripts/Game Settings/CameraConstantWidth.cs
  artifactKey: Guid(fc98082d9b4fa0643af732af36016ced) Importer(815301076,1909f56bfc062723c751e8b465ee728b)
Start importing Assets/Scripts/Game Settings/CameraConstantWidth.cs using Guid(fc98082d9b4fa0643af732af36016ced) Importer(815301076,1909f56bfc062723c751e8b465ee728b)  -> (artifact id: 'e79b7f098ce8aef63ec66d77bbf982dd') in 0.017750 seconds
  Import took 0.022622 seconds .

========================================================================
Received Prepare
Registering precompiled user dll's ...
Registered in 0.001705 seconds.
Begin MonoManager ReloadAssembly
Native extension for WindowsStandalone target not found
Refreshing native plugins compatible for Editor in 0.50 ms, found 1 plugins.
Preloading 0 native plugins for Editor in 0.00 ms.
Invoked RoslynAnalysisRunner static constructor.
RoslynAnalysisRunner will not be running.
RoslynAnalysisRunner has terminated.
Mono: successfully reloaded assembly
- Completed reload, in  1.271 seconds
Platform modules already initialized, skipping
Refreshing native plugins compatible for Editor in 0.51 ms, found 1 plugins.
Preloading 0 native plugins for Editor in 0.00 ms.
Unloading 2125 Unused Serialized files (Serialized files now loaded: 0)
System memory in use before: 96.1 MB.
System memory in use after: 96.1 MB.

Unloading 12 unused Assets to reduce memory usage. Loaded Objects now: 2578.
Total: 3.661000 ms (FindLiveObjects: 0.270100 ms CreateObjectMapping: 0.114700 ms MarkObjects: 3.118700 ms  DeleteObjects: 0.155900 ms)

========================================================================
Received Prepare
Registering precompiled user dll's ...
Registered in 0.001659 seconds.
Begin MonoManager ReloadAssembly
Native extension for WindowsStandalone target not found
Refreshing native plugins compatible for Editor in 0.49 ms, found 1 plugins.
Preloading 0 native plugins for Editor in 0.00 ms.
Invoked RoslynAnalysisRunner static constructor.
RoslynAnalysisRunner will not be running.
RoslynAnalysisRunner has terminated.
Mono: successfully reloaded assembly
- Completed reload, in  1.154 seconds
Platform modules already initialized, skipping
Refreshing native plugins compatible for Editor in 0.52 ms, found 1 plugins.
Preloading 0 native plugins for Editor in 0.00 ms.
Unloading 2125 Unused Serialized files (Serialized files now loaded: 0)
System memory in use before: 96.1 MB.
System memory in use after: 96.1 MB.

Unloading 12 unused Assets to reduce memory usage. Loaded Objects now: 2582.
Total: 2.968600 ms (FindLiveObjects: 0.236000 ms CreateObjectMapping: 0.096900 ms MarkObjects: 2.503600 ms  DeleteObjects: 0.131200 ms)

========================================================================
Received Import Request.
  Time since last request: 26.156119 seconds.
  path: Assets/Scripts/Game Settings/CameraConstantWidth.cs
  artifactKey: Guid(fc98082d9b4fa0643af732af36016ced) Importer(815301076,1909f56bfc062723c751e8b465ee728b)
Start importing Assets/Scripts/Game Settings/CameraConstantWidth.cs using Guid(fc98082d9b4fa0643af732af36016ced) Importer(815301076,1909f56bfc062723c751e8b465ee728b)  -> (artifact id: '3b8a3d3959de71b151388a69357b7cdb') in 0.007394 seconds
  Import took 0.012299 seconds .

========================================================================
Received Import Request.
  Time since last request: 146.543139 seconds.
  path: Assets/Scripts/Game Settings/CanvasHelper.cs
  artifactKey: Guid(e1ca04ba7df924f488908dd8986e198f) Importer(815301076,1909f56bfc062723c751e8b465ee728b)
Start importing Assets/Scripts/Game Settings/CanvasHelper.cs using Guid(e1ca04ba7df924f488908dd8986e198f) Importer(815301076,1909f56bfc062723c751e8b465ee728b)  -> (artifact id: '5f347aa0c252ed3eee8ce341284a7e15') in 0.012717 seconds
  Import took 0.018182 seconds .

========================================================================
Received Prepare
Registering precompiled user dll's ...
Registered in 0.001591 seconds.
Begin MonoManager ReloadAssembly
Native extension for WindowsStandalone target not found
Refreshing native plugins compatible for Editor in 0.52 ms, found 1 plugins.
Preloading 0 native plugins for Editor in 0.00 ms.
Invoked RoslynAnalysisRunner static constructor.
RoslynAnalysisRunner will not be running.
RoslynAnalysisRunner has terminated.
Mono: successfully reloaded assembly
- Completed reload, in  1.277 seconds
Platform modules already initialized, skipping
Refreshing native plugins compatible for Editor in 0.54 ms, found 1 plugins.
Preloading 0 native plugins for Editor in 0.00 ms.
Unloading 2139 Unused Serialized files (Serialized files now loaded: 0)
System memory in use before: 97.9 MB.
System memory in use after: 97.3 MB.

Unloading 25 unused Assets to reduce memory usage. Loaded Objects now: 2587.
Total: 3.803000 ms (FindLiveObjects: 0.336600 ms CreateObjectMapping: 0.233800 ms MarkObjects: 2.727800 ms  DeleteObjects: 0.502900 ms)

========================================================================
Received Prepare
Registering precompiled user dll's ...
Registered in 0.001559 seconds.
Begin MonoManager ReloadAssembly
Native extension for WindowsStandalone target not found
Refreshing native plugins compatible for Editor in 0.54 ms, found 1 plugins.
Preloading 0 native plugins for Editor in 0.00 ms.
Invoked RoslynAnalysisRunner static constructor.
RoslynAnalysisRunner will not be running.
RoslynAnalysisRunner has terminated.
Mono: successfully reloaded assembly
- Completed reload, in  1.145 seconds
Platform modules already initialized, skipping
Refreshing native plugins compatible for Editor in 0.50 ms, found 1 plugins.
Preloading 0 native plugins for Editor in 0.00 ms.
Unloading 2139 Unused Serialized files (Serialized files now loaded: 0)
System memory in use before: 97.9 MB.
System memory in use after: 97.3 MB.

Unloading 25 unused Assets to reduce memory usage. Loaded Objects now: 2591.
Total: 3.514200 ms (FindLiveObjects: 0.358100 ms CreateObjectMapping: 0.165200 ms MarkObjects: 2.458800 ms  DeleteObjects: 0.531200 ms)

========================================================================
Received Import Request.
  Time since last request: 27.586669 seconds.
  path: Assets/Scripts/Game Settings/CanvasHelper.cs
  artifactKey: Guid(e1ca04ba7df924f488908dd8986e198f) Importer(815301076,1909f56bfc062723c751e8b465ee728b)
Start importing Assets/Scripts/Game Settings/CanvasHelper.cs using Guid(e1ca04ba7df924f488908dd8986e198f) Importer(815301076,1909f56bfc062723c751e8b465ee728b)  -> (artifact id: '8b5e70f554be30ffb79bda64d713b275') in 0.006467 seconds
  Import took 0.010898 seconds .

========================================================================
Received Import Request.
  Time since last request: 116.738202 seconds.
  path: Assets/Scripts/UI
  artifactKey: Guid(a3da0f2d84a77f140a5f63b10ec60f32) Importer(815301076,1909f56bfc062723c751e8b465ee728b)
Start importing Assets/Scripts/UI using Guid(a3da0f2d84a77f140a5f63b10ec60f32) Importer(815301076,1909f56bfc062723c751e8b465ee728b)  -> (artifact id: '7b398ba69666f8f583fb771a47a1bdca') in 0.014621 seconds
  Import took 0.019562 seconds .

========================================================================
Received Import Request.
  Time since last request: 4.894839 seconds.
  path: Assets/Scripts/UI/Menu
  artifactKey: Guid(70b40d436519dd24bb83e9c26863dee0) Importer(815301076,1909f56bfc062723c751e8b465ee728b)
Start importing Assets/Scripts/UI/Menu using Guid(70b40d436519dd24bb83e9c26863dee0) Importer(815301076,1909f56bfc062723c751e8b465ee728b)  -> (artifact id: '6a695cbef577d4dddff5cf3ea8b1967d') in 0.011709 seconds
  Import took 0.018915 seconds .

========================================================================
Received Import Request.
  Time since last request: 20.185126 seconds.
  path: Assets/Scripts/UI/Menu/UI_MainMenu_Buttons.cs
  artifactKey: Guid(8e1175dd5151b6f42bc085b66f57b122) Importer(815301076,1909f56bfc062723c751e8b465ee728b)
Start importing Assets/Scripts/UI/Menu/UI_MainMenu_Buttons.cs using Guid(8e1175dd5151b6f42bc085b66f57b122) Importer(815301076,1909f56bfc062723c751e8b465ee728b)  -> (artifact id: '121f53796d826c744abc74edbdbfc9a3') in 0.013190 seconds
  Import took 0.024204 seconds .

========================================================================
Received Prepare
Registering precompiled user dll's ...
Registered in 0.001664 seconds.
Begin MonoManager ReloadAssembly
Native extension for WindowsStandalone target not found
Refreshing native plugins compatible for Editor in 0.55 ms, found 1 plugins.
Preloading 0 native plugins for Editor in 0.00 ms.
Invoked RoslynAnalysisRunner static constructor.
RoslynAnalysisRunner will not be running.
RoslynAnalysisRunner has terminated.
Mono: successfully reloaded assembly
- Completed reload, in  1.167 seconds
Platform modules already initialized, skipping
Refreshing native plugins compatible for Editor in 0.55 ms, found 1 plugins.
Preloading 0 native plugins for Editor in 0.00 ms.
Unloading 2140 Unused Serialized files (Serialized files now loaded: 0)
System memory in use before: 98.0 MB.
System memory in use after: 97.3 MB.

Unloading 25 unused Assets to reduce memory usage. Loaded Objects now: 2596.
Total: 6.596900 ms (FindLiveObjects: 0.765900 ms CreateObjectMapping: 2.469800 ms MarkObjects: 2.775900 ms  DeleteObjects: 0.583300 ms)

========================================================================
Received Prepare
Registering precompiled user dll's ...
Registered in 0.001571 seconds.
Begin MonoManager ReloadAssembly
Native extension for WindowsStandalone target not found
Refreshing native plugins compatible for Editor in 0.51 ms, found 1 plugins.
Preloading 0 native plugins for Editor in 0.00 ms.
Invoked RoslynAnalysisRunner static constructor.
RoslynAnalysisRunner will not be running.
RoslynAnalysisRunner has terminated.
Mono: successfully reloaded assembly
- Completed reload, in  1.231 seconds
Platform modules already initialized, skipping
Refreshing native plugins compatible for Editor in 0.51 ms, found 1 plugins.
Preloading 0 native plugins for Editor in 0.00 ms.
Unloading 2140 Unused Serialized files (Serialized files now loaded: 0)
System memory in use before: 98.0 MB.
System memory in use after: 97.4 MB.

Unloading 25 unused Assets to reduce memory usage. Loaded Objects now: 2600.
Total: 3.906800 ms (FindLiveObjects: 0.241700 ms CreateObjectMapping: 0.099700 ms MarkObjects: 3.034600 ms  DeleteObjects: 0.529300 ms)

========================================================================
Received Prepare
Registering precompiled user dll's ...
Registered in 0.001801 seconds.
Begin MonoManager ReloadAssembly
Native extension for WindowsStandalone target not found
Refreshing native plugins compatible for Editor in 0.54 ms, found 1 plugins.
Preloading 0 native plugins for Editor in 0.00 ms.
Invoked RoslynAnalysisRunner static constructor.
RoslynAnalysisRunner will not be running.
RoslynAnalysisRunner has terminated.
Mono: successfully reloaded assembly
- Completed reload, in  1.272 seconds
Platform modules already initialized, skipping
Refreshing native plugins compatible for Editor in 0.54 ms, found 1 plugins.
Preloading 0 native plugins for Editor in 0.00 ms.
Unloading 2140 Unused Serialized files (Serialized files now loaded: 0)
System memory in use before: 98.0 MB.
System memory in use after: 97.4 MB.

Unloading 25 unused Assets to reduce memory usage. Loaded Objects now: 2604.
Total: 3.137100 ms (FindLiveObjects: 0.347900 ms CreateObjectMapping: 0.097400 ms MarkObjects: 2.201000 ms  DeleteObjects: 0.489400 ms)

========================================================================
Received Prepare
Registering precompiled user dll's ...
Registered in 0.001942 seconds.
Begin MonoManager ReloadAssembly
Native extension for WindowsStandalone target not found
Refreshing native plugins compatible for Editor in 0.51 ms, found 1 plugins.
Preloading 0 native plugins for Editor in 0.00 ms.
Invoked RoslynAnalysisRunner static constructor.
RoslynAnalysisRunner will not be running.
RoslynAnalysisRunner has terminated.
Mono: successfully reloaded assembly
- Completed reload, in  1.340 seconds
Platform modules already initialized, skipping
Refreshing native plugins compatible for Editor in 0.52 ms, found 1 plugins.
Preloading 0 native plugins for Editor in 0.00 ms.
Unloading 2140 Unused Serialized files (Serialized files now loaded: 0)
System memory in use before: 98.0 MB.
System memory in use after: 97.4 MB.

Unloading 25 unused Assets to reduce memory usage. Loaded Objects now: 2608.
Total: 3.116100 ms (FindLiveObjects: 0.248100 ms CreateObjectMapping: 0.103100 ms MarkObjects: 2.271300 ms  DeleteObjects: 0.492300 ms)

========================================================================
Received Prepare
Registering precompiled user dll's ...
Registered in 0.001587 seconds.
Begin MonoManager ReloadAssembly
Native extension for WindowsStandalone target not found
Refreshing native plugins compatible for Editor in 0.55 ms, found 1 plugins.
Preloading 0 native plugins for Editor in 0.00 ms.
Invoked RoslynAnalysisRunner static constructor.
RoslynAnalysisRunner will not be running.
RoslynAnalysisRunner has terminated.
Mono: successfully reloaded assembly
- Completed reload, in  1.315 seconds
Platform modules already initialized, skipping
Refreshing native plugins compatible for Editor in 0.51 ms, found 1 plugins.
Preloading 0 native plugins for Editor in 0.00 ms.
Unloading 2140 Unused Serialized files (Serialized files now loaded: 0)
System memory in use before: 98.0 MB.
System memory in use after: 97.4 MB.

Unloading 25 unused Assets to reduce memory usage. Loaded Objects now: 2612.
Total: 3.296100 ms (FindLiveObjects: 0.256600 ms CreateObjectMapping: 0.100500 ms MarkObjects: 2.379300 ms  DeleteObjects: 0.557900 ms)

========================================================================
Received Prepare
Registering precompiled user dll's ...
Registered in 0.001781 seconds.
Begin MonoManager ReloadAssembly
Native extension for WindowsStandalone target not found
Refreshing native plugins compatible for Editor in 0.56 ms, found 1 plugins.
Preloading 0 native plugins for Editor in 0.00 ms.
Invoked RoslynAnalysisRunner static constructor.
RoslynAnalysisRunner will not be running.
RoslynAnalysisRunner has terminated.
Mono: successfully reloaded assembly
- Completed reload, in  1.233 seconds
Platform modules already initialized, skipping
Refreshing native plugins compatible for Editor in 0.51 ms, found 1 plugins.
Preloading 0 native plugins for Editor in 0.00 ms.
Unloading 2140 Unused Serialized files (Serialized files now loaded: 0)
System memory in use before: 98.0 MB.
System memory in use after: 97.4 MB.

Unloading 25 unused Assets to reduce memory usage. Loaded Objects now: 2616.
Total: 4.443400 ms (FindLiveObjects: 0.259900 ms CreateObjectMapping: 0.097700 ms MarkObjects: 3.590600 ms  DeleteObjects: 0.493800 ms)

AssetImportWorkerClient::OnTransportError - code=2 error=End of file
